<?xml version="1.0" encoding="UTF-8"?>
<testng-results skipped="0" failed="0" ignored="0" total="1" passed="1">
  <reporter-output>
  </reporter-output>
  <suite name="Default suite" duration-ms="32" started-at="2023-06-03T23:15:00Z" finished-at="2023-06-03T23:15:00Z">
    <groups>
    </groups>
    <test name="Default test" duration-ms="32" started-at="2023-06-03T23:15:00Z" finished-at="2023-06-03T23:15:00Z">
      <class name="TestNGUnderstanding.UnderstandingTestNG">
        <test-method status="PASS" signature="BeforeSuite()[pri:0, instance:TestNGUnderstanding.UnderstandingTestNG@1c7cbad]" name="BeforeSuite" is-config="true" duration-ms="16" started-at="2023-06-04T04:45:00Z" finished-at="2023-06-04T04:45:00Z">
          <reporter-output>
          </reporter-output>
        </test-method> <!-- BeforeSuite -->
        <test-method status="PASS" signature="BeforeTest()[pri:0, instance:TestNGUnderstanding.UnderstandingTestNG@1c7cbad]" name="BeforeTest" is-config="true" duration-ms="0" started-at="2023-06-04T04:45:00Z" finished-at="2023-06-04T04:45:00Z">
          <reporter-output>
          </reporter-output>
        </test-method> <!-- BeforeTest -->
        <test-method status="PASS" signature="BeforeClass()[pri:0, instance:TestNGUnderstanding.UnderstandingTestNG@1c7cbad]" name="BeforeClass" is-config="true" duration-ms="1" started-at="2023-06-04T04:45:00Z" finished-at="2023-06-04T04:45:00Z">
          <reporter-output>
          </reporter-output>
        </test-method> <!-- BeforeClass -->
        <test-method status="PASS" signature="BeforeMethod()[pri:0, instance:TestNGUnderstanding.UnderstandingTestNG@1c7cbad]" name="BeforeMethod" is-config="true" duration-ms="0" started-at="2023-06-04T04:45:00Z" finished-at="2023-06-04T04:45:00Z">
          <reporter-output>
          </reporter-output>
        </test-method> <!-- BeforeMethod -->
        <test-method status="PASS" signature="TestCase()[pri:0, instance:TestNGUnderstanding.UnderstandingTestNG@1c7cbad]" name="TestCase" duration-ms="6" started-at="2023-06-04T04:45:00Z" finished-at="2023-06-04T04:45:00Z">
          <reporter-output>
          </reporter-output>
        </test-method> <!-- TestCase -->
        <test-method status="PASS" signature="AfterMethod()[pri:0, instance:TestNGUnderstanding.UnderstandingTestNG@1c7cbad]" name="AfterMethod" is-config="true" duration-ms="1" started-at="2023-06-04T04:45:00Z" finished-at="2023-06-04T04:45:00Z">
          <reporter-output>
          </reporter-output>
        </test-method> <!-- AfterMethod -->
        <test-method status="PASS" signature="AfterClass()[pri:0, instance:TestNGUnderstanding.UnderstandingTestNG@1c7cbad]" name="AfterClass" is-config="true" duration-ms="1" started-at="2023-06-04T04:45:00Z" finished-at="2023-06-04T04:45:00Z">
          <reporter-output>
          </reporter-output>
        </test-method> <!-- AfterClass -->
        <test-method status="PASS" signature="AfterTest()[pri:0, instance:TestNGUnderstanding.UnderstandingTestNG@1c7cbad]" name="AfterTest" is-config="true" duration-ms="0" started-at="2023-06-04T04:45:00Z" finished-at="2023-06-04T04:45:00Z">
          <reporter-output>
          </reporter-output>
        </test-method> <!-- AfterTest -->
        <test-method status="PASS" signature="AfterSuite()[pri:0, instance:TestNGUnderstanding.UnderstandingTestNG@1c7cbad]" name="AfterSuite" is-config="true" duration-ms="0" started-at="2023-06-04T04:45:00Z" finished-at="2023-06-04T04:45:00Z">
          <reporter-output>
          </reporter-output>
        </test-method> <!-- AfterSuite -->
      </class> <!-- TestNGUnderstanding.UnderstandingTestNG -->
    </test> <!-- Default test -->
  </suite> <!-- Default suite -->
</testng-results>
